<?xml version="1.0" encoding="UTF-8"?>
<testng-results skipped="0" failed="0" total="1" passed="1">
  <reporter-output>
  </reporter-output>
  <suite name="Default suite" duration-ms="17040" started-at="2019-07-28T22:05:43Z" finished-at="2019-07-28T22:06:00Z">
    <groups>
    </groups>
    <test name="Default test" duration-ms="17040" started-at="2019-07-28T22:05:43Z" finished-at="2019-07-28T22:06:00Z">
      <class name="test.testMaven">
        <test-method status="PASS" signature="loginBrowser()[pri:0, instance:test.testMaven@71f2a7d5]" name="loginBrowser" is-config="true" duration-ms="14787" started-at="2019-07-29T03:35:43Z" finished-at="2019-07-29T03:35:58Z">
          <reporter-output>
          </reporter-output>
        </test-method> <!-- loginBrowser -->
        <test-method status="PASS" signature="loginTest()[pri:0, instance:test.testMaven@71f2a7d5]" name="loginTest" duration-ms="110" started-at="2019-07-29T03:35:58Z" finished-at="2019-07-29T03:35:58Z">
          <reporter-output>
          </reporter-output>
        </test-method> <!-- loginTest -->
        <test-method status="PASS" signature="logoutBrowser()[pri:0, instance:test.testMaven@71f2a7d5]" name="logoutBrowser" is-config="true" duration-ms="2115" started-at="2019-07-29T03:35:58Z" finished-at="2019-07-29T03:36:00Z">
          <reporter-output>
          </reporter-output>
        </test-method> <!-- logoutBrowser -->
      </class> <!-- test.testMaven -->
    </test> <!-- Default test -->
  </suite> <!-- Default suite -->
</testng-results>
